<?xml version="1.0" encoding="UTF-8"?>
<!-- Generated by org.testng.reporters.JUnitXMLReporter -->
<testsuite ignored="0" hostname="LAPTOP-G2HPLVO2" failures="0" tests="5" name="Default test" time="4.576" errors="0" timestamp="2022-03-25T00:17:32 ICT">
  <testcase classname="com.com.TestNG.NewTest" name="chuvi" time="0.007"/>
  <testcase classname="com.com.TestNG.NewTest" name="chuviNO" time="0.001"/>
  <testcase classname="com.com.TestNG.NewTest" name="f" time="0.001"/>
  <testcase classname="com.com.TestNG.NewTest" name="f1" time="0.0"/>
  <testcase classname="com.com.TestNG.NewTest" name="f2" time="4.512"/>
</testsuite> <!-- Default test -->
