<?xml version="1.0" encoding="UTF-8"?>
<testng-results ignored="0" total="1" passed="1" failed="0" skipped="0">
  <reporter-output>
  </reporter-output>
  <suite started-at="2022-03-28T17:06:36 ICT" name="Default suite" finished-at="2022-03-28T17:06:42 ICT" duration-ms="5872">
    <groups>
    </groups>
    <test started-at="2022-03-28T17:06:36 ICT" name="Default test" finished-at="2022-03-28T17:06:42 ICT" duration-ms="5872">
      <class name="bai1.fpoly">
        <test-method signature="f()[pri:0, instance:bai1.fpoly@3967e60c]" started-at="2022-03-28T17:06:37 ICT" name="f" finished-at="2022-03-28T17:06:42 ICT" duration-ms="5787" status="PASS">
          <reporter-output>
          </reporter-output>
        </test-method> <!-- f -->
      </class> <!-- bai1.fpoly -->
    </test> <!-- Default test -->
  </suite> <!-- Default suite -->
</testng-results>
